<?xml version="1.0" encoding="UTF-8"?>
<!-- Generated by org.testng.reporters.JUnitReportReporter -->
<testsuite skipped="0" hostname="CDC2-L-71730MS" name="TraingSession.Day1.AppTest" tests="1" failures="0" timestamp="14 Nov 2018 09:50:15 GMT" time="0.004" errors="0">
  <testcase name="testApp" time="0.004" classname="TraingSession.Day1.AppTest"/>
</testsuite> <!-- TraingSession.Day1.AppTest -->
